Using pre-set license
Built from '2020.2/staging' branch; Version is '2020.2.3f1 (8ff31bc5bf5b) revision 9433883'; Using compiler version '192528614'; Build Type 'Release'
OS: 'Windows 10 Pro; OS build 18363.1379; Version 1909; 64bit' Language: 'en' Physical Memory: 16325 MB
BatchMode: 1, IsHumanControllingUs: 0, StartBugReporterOnCrash: 0, Is64bit: 1, IsPro: 0

 COMMAND LINE ARGUMENTS:
D:\UnityHubInstalls\2020.2.3f1\Editor\Unity.exe
-adb2
-batchMode
-noUpm
-name
AssetImportWorker0
-projectPath
D:/SourceTreeProjects/2020.2 Emissive Sample Repository/2020.2 Emissive Sample
-logFile
Logs/AssetImportWorker0.log
-srvPort
10867
Successfully changed project path to: D:/SourceTreeProjects/2020.2 Emissive Sample Repository/2020.2 Emissive Sample
D:/SourceTreeProjects/2020.2 Emissive Sample Repository/2020.2 Emissive Sample
Using Asset Import Pipeline V2.
Refreshing native plugins compatible for Editor in 49.72 ms, found 0 plugins.
Preloading 0 native plugins for Editor in 0.00 ms.
Initialize engine version: 2020.2.3f1 (8ff31bc5bf5b)
[Subsystems] Discovering subsystems at path D:/UnityHubInstalls/2020.2.3f1/Editor/Data/Resources/UnitySubsystems
[Subsystems] Discovering subsystems at path D:/SourceTreeProjects/2020.2 Emissive Sample Repository/2020.2 Emissive Sample/Assets
GfxDevice: creating device client; threaded=0
Direct3D:
    Version:  Direct3D 11.0 [level 11.1]
    Renderer: NVIDIA GeForce GTX 1080 (ID=0x1b80)
    Vendor:   
    VRAM:     8079 MB
    Driver:   27.21.14.6140
Shader 'Universal Render Pipeline/Particles/Lit': fallback shader 'Universal Render Pipeline/Particles/SimpleLit' not found
Initialize mono
Mono path[0] = 'D:/UnityHubInstalls/2020.2.3f1/Editor/Data/Managed'
Mono path[1] = 'D:/UnityHubInstalls/2020.2.3f1/Editor/Data/MonoBleedingEdge/lib/mono/unityjit'
Mono config path = 'D:/UnityHubInstalls/2020.2.3f1/Editor/Data/MonoBleedingEdge/etc'
Using monoOptions --debugger-agent=transport=dt_socket,embedding=1,server=y,suspend=n,address=127.0.0.1:56236
Begin MonoManager ReloadAssembly
Registering precompiled unity dll's ...
Register platform support module: D:/UnityHubInstalls/2020.2.3f1/Editor/Data/PlaybackEngines/WindowsStandaloneSupport/UnityEditor.WindowsStandalone.Extensions.dll
Registered in 0.001189 seconds.
Native extension for WindowsStandalone target not found
Refreshing native plugins compatible for Editor in 60.44 ms, found 0 plugins.
Preloading 0 native plugins for Editor in 0.00 ms.
Invoked RoslynAnalysisRunner static constructor.
RoslynAnalysisRunner will not be running.
RoslynAnalysisRunner has terminated.
Mono: successfully reloaded assembly
- Completed reload, in  1.584 seconds
Platform modules already initialized, skipping
Registering precompiled user dll's ...
Registered in 0.001240 seconds.
Begin MonoManager ReloadAssembly
Native extension for WindowsStandalone target not found
Refreshing native plugins compatible for Editor in 57.45 ms, found 0 plugins.
Preloading 0 native plugins for Editor in 0.00 ms.
Invoked RoslynAnalysisRunner static constructor.
RoslynAnalysisRunner will not be running.
RoslynAnalysisRunner has terminated.
Mono: successfully reloaded assembly
- Completed reload, in  1.220 seconds
Platform modules already initialized, skipping
========================================================================
Worker process is ready to serve import requests
Shader 'Universal Render Pipeline/Particles/Lit': fallback shader 'Universal Render Pipeline/Particles/SimpleLit' not found
Launched and connected shader compiler UnityShaderCompiler.exe after 0.08 seconds
Refreshing native plugins compatible for Editor in 0.65 ms, found 0 plugins.
Preloading 0 native plugins for Editor in 0.00 ms.
Unloading 2396 Unused Serialized files (Serialized files now loaded: 0)
System memory in use before: 111.8 MB.
System memory in use after: 112.0 MB.

Unloading 10 unused Assets to reduce memory usage. Loaded Objects now: 2836.
Total: 2.911700 ms (FindLiveObjects: 0.382400 ms CreateObjectMapping: 0.198100 ms MarkObjects: 2.243800 ms  DeleteObjects: 0.085800 ms)

========================================================================
Received Import Request.
  path: Assets/Emissive Lighting Sample/Simple Cubes/Cube Scene - realtime lighting.unity
  artifactKey: Guid(5090e1ebe106e86419fed46348bb319a) Importer(815301076,1909f56bfc062723c751e8b465ee728b)
Start importing Assets/Emissive Lighting Sample/Simple Cubes/Cube Scene - realtime lighting.unity using Guid(5090e1ebe106e86419fed46348bb319a) Importer(815301076,1909f56bfc062723c751e8b465ee728b)  -> (artifact id: '7f79c4ff334cda92102e6a1809877e5d') in 0.023158 seconds
  Import took 0.027726 seconds .

========================================================================
Received Import Request.
  Time since last request: 0.000228 seconds.
  path: Assets/Emissive Lighting Sample/Simple Cubes/Cube Scene - baked lighting.unity
  artifactKey: Guid(32b5269fbd4a5c745981bb7484fe01ae) Importer(815301076,1909f56bfc062723c751e8b465ee728b)
Start importing Assets/Emissive Lighting Sample/Simple Cubes/Cube Scene - baked lighting.unity using Guid(32b5269fbd4a5c745981bb7484fe01ae) Importer(815301076,1909f56bfc062723c751e8b465ee728b)  -> (artifact id: '6fb92670db763a789e4a6ce8aaeea36c') in 0.016149 seconds
  Import took 0.022373 seconds .

========================================================================
Received Import Request.
  Time since last request: 0.835200 seconds.
  path: Assets/Emissive Lighting Sample/Ninja Sample/Ninja Lighting Scene - baked lighting.unity
  artifactKey: Guid(e0c6f0233b84cf345ac74439a67a6dba) Importer(815301076,1909f56bfc062723c751e8b465ee728b)
Start importing Assets/Emissive Lighting Sample/Ninja Sample/Ninja Lighting Scene - baked lighting.unity using Guid(e0c6f0233b84cf345ac74439a67a6dba) Importer(815301076,1909f56bfc062723c751e8b465ee728b)  -> (artifact id: '4cea3747ce3a00ef82d20e04c35d9e38') in 0.005783 seconds
  Import took 0.010084 seconds .

========================================================================
Received Import Request.
  Time since last request: 2.811459 seconds.
  path: Assets/Emissive Lighting Sample/Ninja Sample/Ninja Lighting Scene - realtime lighting.unity
  artifactKey: Guid(3a1766adcd828c94cb26c13463d47201) Importer(815301076,1909f56bfc062723c751e8b465ee728b)
Start importing Assets/Emissive Lighting Sample/Ninja Sample/Ninja Lighting Scene - realtime lighting.unity using Guid(3a1766adcd828c94cb26c13463d47201) Importer(815301076,1909f56bfc062723c751e8b465ee728b)  -> (artifact id: '58338c9d73c3e2e213ac4ea0bcf6cf76') in 0.005802 seconds
  Import took 0.008998 seconds .

========================================================================
Received Import Request.
  Time since last request: 1.419156 seconds.
  path: Assets/Scenes/SampleScene.unity
  artifactKey: Guid(d1c3109bdb54ad54c8a2b2838528e640) Importer(815301076,1909f56bfc062723c751e8b465ee728b)
Start importing Assets/Scenes/SampleScene.unity using Guid(d1c3109bdb54ad54c8a2b2838528e640) Importer(815301076,1909f56bfc062723c751e8b465ee728b)  -> (artifact id: 'bc198019a1043c68e24f37a1fae2628f') in 0.006251 seconds
  Import took 0.009485 seconds .

AssetImportWorkerClient::OnTransportError - code=2 error=End of file
